<?xml version="1.0" encoding="UTF-8" ?>
<testsuite tests="1" failures="0" name="RunCucumberTest" time="1.483" errors="1" skipped="0">
  <properties>
[...]
</properties>
  <testcase classname="Google test" name="Búsqueda en Google - Validación de resultado" time="1.483">
    <error message="Could not start a new session. Response code 500. Message: Expected browser binary location, but unable to find binary in default location, no &apos;moz:firefoxOptions.binary&apos; capability provided, and no binary flag set on the command line 
Host info: host: &apos;DESKTOP-T744P2E&apos;, ip: &apos;192.168.0.28&apos;
Build info: version: &apos;4.8.1&apos;, revision: &apos;8ebccac989&apos;
System info: os.name: &apos;Windows 10&apos;, os.arch: &apos;amd64&apos;, os.version: &apos;10.0&apos;, java.version: &apos;11.0.2&apos;
Driver info: org.openqa.selenium.firefox.FirefoxDriver
Command: [null, newSession {capabilities=[Capabilities {acceptInsecureCerts: true, browserName: firefox, moz:debuggerAddress: true, moz:firefoxOptions: {}}], desiredCapabilities=Capabilities {acceptInsecureCerts: true, browserName: firefox, moz:debuggerAddress: true, moz:firefoxOptions: {}}}]" type="org.openqa.selenium.SessionNotCreatedException">org.openqa.selenium.SessionNotCreatedException: Could not start a new session. Response code 500. Message: Expected browser binary location, but unable to find binary in default location, no &apos;moz:firefoxOptions.binary&apos; capability provided, and no binary flag set on the command line 
Host info: host: &apos;DESKTOP-T744P2E&apos;, ip: &apos;192.168.0.28&apos;
Build info: version: &apos;4.8.1&apos;, revision: &apos;8ebccac989&apos;
System info: os.name: &apos;Windows 10&apos;, os.arch: &apos;amd64&apos;, os.version: &apos;10.0&apos;, java.version: &apos;11.0.2&apos;
Driver info: org.openqa.selenium.firefox.FirefoxDriver
Command: [null, newSession {capabilities=[Capabilities {acceptInsecureCerts: true, browserName: firefox, moz:debuggerAddress: true, moz:firefoxOptions: {}}], desiredCapabilities=Capabilities {acceptInsecureCerts: true, browserName: firefox, moz:debuggerAddress: true, moz:firefoxOptions: {}}}]
	at org.openqa.selenium.remote.ProtocolHandshake.createSession(ProtocolHandshake.java:148)
	at org.openqa.selenium.remote.ProtocolHandshake.createSession(ProtocolHandshake.java:106)
	at org.openqa.selenium.remote.ProtocolHandshake.createSession(ProtocolHandshake.java:67)
	at org.openqa.selenium.remote.HttpCommandExecutor.execute(HttpCommandExecutor.java:156)
	at org.openqa.selenium.remote.service.DriverCommandExecutor.invokeExecute(DriverCommandExecutor.java:167)
	at org.openqa.selenium.remote.service.DriverCommandExecutor.execute(DriverCommandExecutor.java:142)
	at org.openqa.selenium.remote.RemoteWebDriver.execute(RemoteWebDriver.java:543)
	at org.openqa.selenium.remote.RemoteWebDriver.startSession(RemoteWebDriver.java:229)
	at org.openqa.selenium.remote.RemoteWebDriver.&lt;init&gt;(RemoteWebDriver.java:157)
	at org.openqa.selenium.firefox.FirefoxDriver.&lt;init&gt;(FirefoxDriver.java:130)
	at org.openqa.selenium.firefox.FirefoxDriver.&lt;init&gt;(FirefoxDriver.java:111)
	at org.openqa.selenium.firefox.FirefoxDriver.&lt;init&gt;(FirefoxDriver.java:101)
	at pageMethods.CommonsMethods.goToBaseUrlFirefox(CommonsMethods.java:62)
	at pageMethods.CommonsMethods.goToBaseUrl(CommonsMethods.java:74)
	at stepsDefinitions.CommonsDefinitions.goToGooglePage(CommonsDefinitions.java:9)
	at ✽.Que el usuario accede a Google(file:///C:/Users/Usuario/Desktop/otros/automation-selenium-inditex/src/test/resources/features/googleSearch.feature:9)
</error>
    <system-out>
@Google @Google_001 @run
Escenario: BÃºsqueda en Google - ValidaciÃ³n de resultado                 &amp;#27;[90m# src/test/resources/features/googleSearch.feature:8&amp;#27;[0m
  &amp;#27;[31mDado &amp;#27;[0m&amp;#27;[31mQue el usuario accede a Google&amp;#27;[0m                                   &amp;#27;[90m# stepsDefinitions.CommonsDefinitions.goToGooglePage()&amp;#27;[0m
      &amp;#27;[31morg.openqa.selenium.SessionNotCreatedException: Could not start a new session. Response code 500. Message: Expected browser binary location, but unable to find binary in default location, no &apos;moz:firefoxOptions.binary&apos; capability provided, and no binary flag set on the command line 
Host info: host: &apos;DESKTOP-T744P2E&apos;, ip: &apos;192.168.0.28&apos;
Build info: version: &apos;4.8.1&apos;, revision: &apos;8ebccac989&apos;
System info: os.name: &apos;Windows 10&apos;, os.arch: &apos;amd64&apos;, os.version: &apos;10.0&apos;, java.version: &apos;11.0.2&apos;
Driver info: org.openqa.selenium.firefox.FirefoxDriver
Command: [null, newSession {capabilities=[Capabilities {acceptInsecureCerts: true, browserName: firefox, moz:debuggerAddress: true, moz:firefoxOptions: {}}], desiredCapabilities=Capabilities {acceptInsecureCerts: true, browserName: firefox, moz:debuggerAddress: true, moz:firefoxOptions: {}}}]
	at org.openqa.selenium.remote.ProtocolHandshake.createSession(ProtocolHandshake.java:148)
	at org.openqa.selenium.remote.ProtocolHandshake.createSession(ProtocolHandshake.java:106)
	at org.openqa.selenium.remote.ProtocolHandshake.createSession(ProtocolHandshake.java:67)
	at org.openqa.selenium.remote.HttpCommandExecutor.execute(HttpCommandExecutor.java:156)
	at org.openqa.selenium.remote.service.DriverCommandExecutor.invokeExecute(DriverCommandExecutor.java:167)
	at org.openqa.selenium.remote.service.DriverCommandExecutor.execute(DriverCommandExecutor.java:142)
	at org.openqa.selenium.remote.RemoteWebDriver.execute(RemoteWebDriver.java:543)
	at org.openqa.selenium.remote.RemoteWebDriver.startSession(RemoteWebDriver.java:229)
	at org.openqa.selenium.remote.RemoteWebDriver.&lt;init&gt;(RemoteWebDriver.java:157)
	at org.openqa.selenium.firefox.FirefoxDriver.&lt;init&gt;(FirefoxDriver.java:130)
	at org.openqa.selenium.firefox.FirefoxDriver.&lt;init&gt;(FirefoxDriver.java:111)
	at org.openqa.selenium.firefox.FirefoxDriver.&lt;init&gt;(FirefoxDriver.java:101)
	at pageMethods.CommonsMethods.goToBaseUrlFirefox(CommonsMethods.java:62)
	at pageMethods.CommonsMethods.goToBaseUrl(CommonsMethods.java:74)
	at stepsDefinitions.CommonsDefinitions.goToGooglePage(CommonsDefinitions.java:9)
	at âœ½.Que el usuario accede a Google(file:///C:/Users/Usuario/Desktop/otros/automation-selenium-inditex/src/test/resources/features/googleSearch.feature:9)
&amp;#27;[0m
  &amp;#27;[36mCuando &amp;#27;[0m&amp;#27;[36mBusca informaciÃ³n de &amp;#27;[0m&amp;#27;[36m&amp;#27;[1mAutomatizaciÃ³n&amp;#27;[0m                            &amp;#27;[90m# stepsDefinitions.GoogleDefinitions.searchInGoogle(java.lang.String)&amp;#27;[0m
  &amp;#27;[36mEntonces &amp;#27;[0m&amp;#27;[36mVisualiza la fecha de la primera automatizaciÃ³n en &amp;#27;[0m&amp;#27;[36m&amp;#27;[1mwikipedia&amp;#27;[0m &amp;#27;[90m# stepsDefinitions.GoogleDefinitions.searchHistoryOfResult(java.lang.String)&amp;#27;[0m
FINALIZANDO TEST
</system-out>
    <system-err>SLF4J: Failed to load class &quot;org.slf4j.impl.StaticLoggerBinder&quot;.
SLF4J: Defaulting to no-operation (NOP) logger implementation
SLF4J: See http://www.slf4j.org/codes.html#StaticLoggerBinder for further details.
1683071360567	geckodriver	INFO	Listening on 127.0.0.1:45469
</system-err>
  </testcase>
</testsuite>